============================= test session starts =============================
platform win32 -- Python 3.14.2, pytest-9.0.2, pluggy-1.6.0
rootdir: D:\shubham\HR APP\Backend
plugins: anyio-4.12.0, langsmith-0.5.1
collected 34 items

tests\test_qa_regression.py FFFFFFFFFFFFFFFFFFFFFFFFFFFFF...FF           [100%]

================================== FAILURES ===================================
_______________ TestDegreeRank.test_b_dot_tech_ranked_correctly _______________
tests\test_qa_regression.py:26: in test_b_dot_tech_ranked_correctly
    ss = _scoring()
         ^^^^^^^^^^
tests\test_qa_regression.py:17: in _scoring
    return importlib.import_module("app.services.scoring_service")
           ^^^^^^^^^^^^^^^^^^^^^^^^^^^^^^^^^^^^^^^^^^^^^^^^^^^^^^^
C:\Users\Shubh\AppData\Local\Programs\Python\Python314\Lib\importlib\__init__.py:88: in import_module
    return _bootstrap._gcd_import(name[level:], package, level)
           ^^^^^^^^^^^^^^^^^^^^^^^^^^^^^^^^^^^^^^^^^^^^^^^^^^^^
<frozen importlib._bootstrap>:1398: in _gcd_import
    ???
<frozen importlib._bootstrap>:1371: in _find_and_load
    ???
<frozen importlib._bootstrap>:1314: in _find_and_load_unlocked
    ???
<frozen importlib._bootstrap>:491: in _call_with_frames_removed
    ???
<frozen importlib._bootstrap>:1398: in _gcd_import
    ???
<frozen importlib._bootstrap>:1371: in _find_and_load
    ???
<frozen importlib._bootstrap>:1314: in _find_and_load_unlocked
    ???
<frozen importlib._bootstrap>:491: in _call_with_frames_removed
    ???
<frozen importlib._bootstrap>:1398: in _gcd_import
    ???
<frozen importlib._bootstrap>:1371: in _find_and_load
    ???
<frozen importlib._bootstrap>:1335: in _find_and_load_unlocked
    ???
E   ModuleNotFoundError: No module named 'app'
________________ TestDegreeRank.test_m_dot_sc_ranked_correctly ________________
tests\test_qa_regression.py:31: in test_m_dot_sc_ranked_correctly
    ss = _scoring()
         ^^^^^^^^^^
tests\test_qa_regression.py:17: in _scoring
    return importlib.import_module("app.services.scoring_service")
           ^^^^^^^^^^^^^^^^^^^^^^^^^^^^^^^^^^^^^^^^^^^^^^^^^^^^^^^
C:\Users\Shubh\AppData\Local\Programs\Python\Python314\Lib\importlib\__init__.py:88: in import_module
    return _bootstrap._gcd_import(name[level:], package, level)
           ^^^^^^^^^^^^^^^^^^^^^^^^^^^^^^^^^^^^^^^^^^^^^^^^^^^^
<frozen importlib._bootstrap>:1398: in _gcd_import
    ???
<frozen importlib._bootstrap>:1371: in _find_and_load
    ???
<frozen importlib._bootstrap>:1314: in _find_and_load_unlocked
    ???
<frozen importlib._bootstrap>:491: in _call_with_frames_removed
    ???
<frozen importlib._bootstrap>:1398: in _gcd_import
    ???
<frozen importlib._bootstrap>:1371: in _find_and_load
    ???
<frozen importlib._bootstrap>:1314: in _find_and_load_unlocked
    ???
<frozen importlib._bootstrap>:491: in _call_with_frames_removed
    ???
<frozen importlib._bootstrap>:1398: in _gcd_import
    ???
<frozen importlib._bootstrap>:1371: in _find_and_load
    ???
<frozen importlib._bootstrap>:1335: in _find_and_load_unlocked
    ???
E   ModuleNotFoundError: No module named 'app'
________________ TestDegreeRank.test_ph_dot_d_ranked_correctly ________________
tests\test_qa_regression.py:36: in test_ph_dot_d_ranked_correctly
    ss = _scoring()
         ^^^^^^^^^^
tests\test_qa_regression.py:17: in _scoring
    return importlib.import_module("app.services.scoring_service")
           ^^^^^^^^^^^^^^^^^^^^^^^^^^^^^^^^^^^^^^^^^^^^^^^^^^^^^^^
C:\Users\Shubh\AppData\Local\Programs\Python\Python314\Lib\importlib\__init__.py:88: in import_module
    return _bootstrap._gcd_import(name[level:], package, level)
           ^^^^^^^^^^^^^^^^^^^^^^^^^^^^^^^^^^^^^^^^^^^^^^^^^^^^
<frozen importlib._bootstrap>:1398: in _gcd_import
    ???
<frozen importlib._bootstrap>:1371: in _find_and_load
    ???
<frozen importlib._bootstrap>:1314: in _find_and_load_unlocked
    ???
<frozen importlib._bootstrap>:491: in _call_with_frames_removed
    ???
<frozen importlib._bootstrap>:1398: in _gcd_import
    ???
<frozen importlib._bootstrap>:1371: in _find_and_load
    ???
<frozen importlib._bootstrap>:1314: in _find_and_load_unlocked
    ???
<frozen importlib._bootstrap>:491: in _call_with_frames_removed
    ???
<frozen importlib._bootstrap>:1398: in _gcd_import
    ???
<frozen importlib._bootstrap>:1371: in _find_and_load
    ???
<frozen importlib._bootstrap>:1335: in _find_and_load_unlocked
    ???
E   ModuleNotFoundError: No module named 'app'
_________________ TestDegreeRank.test_plain_btech_still_works _________________
tests\test_qa_regression.py:41: in test_plain_btech_still_works
    ss = _scoring()
         ^^^^^^^^^^
tests\test_qa_regression.py:17: in _scoring
    return importlib.import_module("app.services.scoring_service")
           ^^^^^^^^^^^^^^^^^^^^^^^^^^^^^^^^^^^^^^^^^^^^^^^^^^^^^^^
C:\Users\Shubh\AppData\Local\Programs\Python\Python314\Lib\importlib\__init__.py:88: in import_module
    return _bootstrap._gcd_import(name[level:], package, level)
           ^^^^^^^^^^^^^^^^^^^^^^^^^^^^^^^^^^^^^^^^^^^^^^^^^^^^
<frozen importlib._bootstrap>:1398: in _gcd_import
    ???
<frozen importlib._bootstrap>:1371: in _find_and_load
    ???
<frozen importlib._bootstrap>:1314: in _find_and_load_unlocked
    ???
<frozen importlib._bootstrap>:491: in _call_with_frames_removed
    ???
<frozen importlib._bootstrap>:1398: in _gcd_import
    ???
<frozen importlib._bootstrap>:1371: in _find_and_load
    ???
<frozen importlib._bootstrap>:1314: in _find_and_load_unlocked
    ???
<frozen importlib._bootstrap>:491: in _call_with_frames_removed
    ???
<frozen importlib._bootstrap>:1398: in _gcd_import
    ???
<frozen importlib._bootstrap>:1371: in _find_and_load
    ???
<frozen importlib._bootstrap>:1335: in _find_and_load_unlocked
    ???
E   ModuleNotFoundError: No module named 'app'
_____________________ TestDegreeRank.test_empty_education _____________________
tests\test_qa_regression.py:46: in test_empty_education
    ss = _scoring()
         ^^^^^^^^^^
tests\test_qa_regression.py:17: in _scoring
    return importlib.import_module("app.services.scoring_service")
           ^^^^^^^^^^^^^^^^^^^^^^^^^^^^^^^^^^^^^^^^^^^^^^^^^^^^^^^
C:\Users\Shubh\AppData\Local\Programs\Python\Python314\Lib\importlib\__init__.py:88: in import_module
    return _bootstrap._gcd_import(name[level:], package, level)
           ^^^^^^^^^^^^^^^^^^^^^^^^^^^^^^^^^^^^^^^^^^^^^^^^^^^^
<frozen importlib._bootstrap>:1398: in _gcd_import
    ???
<frozen importlib._bootstrap>:1371: in _find_and_load
    ???
<frozen importlib._bootstrap>:1314: in _find_and_load_unlocked
    ???
<frozen importlib._bootstrap>:491: in _call_with_frames_removed
    ???
<frozen importlib._bootstrap>:1398: in _gcd_import
    ???
<frozen importlib._bootstrap>:1371: in _find_and_load
    ???
<frozen importlib._bootstrap>:1314: in _find_and_load_unlocked
    ???
<frozen importlib._bootstrap>:491: in _call_with_frames_removed
    ???
<frozen importlib._bootstrap>:1398: in _gcd_import
    ???
<frozen importlib._bootstrap>:1371: in _find_and_load
    ???
<frozen importlib._bootstrap>:1335: in _find_and_load_unlocked
    ???
E   ModuleNotFoundError: No module named 'app'
______________________ TestDegreeRank.test_no_degree_key ______________________
tests\test_qa_regression.py:50: in test_no_degree_key
    ss = _scoring()
         ^^^^^^^^^^
tests\test_qa_regression.py:17: in _scoring
    return importlib.import_module("app.services.scoring_service")
           ^^^^^^^^^^^^^^^^^^^^^^^^^^^^^^^^^^^^^^^^^^^^^^^^^^^^^^^
C:\Users\Shubh\AppData\Local\Programs\Python\Python314\Lib\importlib\__init__.py:88: in import_module
    return _bootstrap._gcd_import(name[level:], package, level)
           ^^^^^^^^^^^^^^^^^^^^^^^^^^^^^^^^^^^^^^^^^^^^^^^^^^^^
<frozen importlib._bootstrap>:1398: in _gcd_import
    ???
<frozen importlib._bootstrap>:1371: in _find_and_load
    ???
<frozen importlib._bootstrap>:1314: in _find_and_load_unlocked
    ???
<frozen importlib._bootstrap>:491: in _call_with_frames_removed
    ???
<frozen importlib._bootstrap>:1398: in _gcd_import
    ???
<frozen importlib._bootstrap>:1371: in _find_and_load
    ???
<frozen importlib._bootstrap>:1314: in _find_and_load_unlocked
    ???
<frozen importlib._bootstrap>:491: in _call_with_frames_removed
    ???
<frozen importlib._bootstrap>:1398: in _gcd_import
    ???
<frozen importlib._bootstrap>:1371: in _find_and_load
    ???
<frozen importlib._bootstrap>:1335: in _find_and_load_unlocked
    ???
E   ModuleNotFoundError: No module named 'app'
_________ TestTierThresholds.test_detect_candidate_tier[0.0-fresher] __________
tests\test_qa_regression.py:71: in test_detect_candidate_tier
    ss = _scoring()
         ^^^^^^^^^^
tests\test_qa_regression.py:17: in _scoring
    return importlib.import_module("app.services.scoring_service")
           ^^^^^^^^^^^^^^^^^^^^^^^^^^^^^^^^^^^^^^^^^^^^^^^^^^^^^^^
C:\Users\Shubh\AppData\Local\Programs\Python\Python314\Lib\importlib\__init__.py:88: in import_module
    return _bootstrap._gcd_import(name[level:], package, level)
           ^^^^^^^^^^^^^^^^^^^^^^^^^^^^^^^^^^^^^^^^^^^^^^^^^^^^
<frozen importlib._bootstrap>:1398: in _gcd_import
    ???
<frozen importlib._bootstrap>:1371: in _find_and_load
    ???
<frozen importlib._bootstrap>:1314: in _find_and_load_unlocked
    ???
<frozen importlib._bootstrap>:491: in _call_with_frames_removed
    ???
<frozen importlib._bootstrap>:1398: in _gcd_import
    ???
<frozen importlib._bootstrap>:1371: in _find_and_load
    ???
<frozen importlib._bootstrap>:1314: in _find_and_load_unlocked
    ???
<frozen importlib._bootstrap>:491: in _call_with_frames_removed
    ???
<frozen importlib._bootstrap>:1398: in _gcd_import
    ???
<frozen importlib._bootstrap>:1371: in _find_and_load
    ???
<frozen importlib._bootstrap>:1335: in _find_and_load_unlocked
    ???
E   ModuleNotFoundError: No module named 'app'
_________ TestTierThresholds.test_detect_candidate_tier[0.5-fresher] __________
tests\test_qa_regression.py:71: in test_detect_candidate_tier
    ss = _scoring()
         ^^^^^^^^^^
tests\test_qa_regression.py:17: in _scoring
    return importlib.import_module("app.services.scoring_service")
           ^^^^^^^^^^^^^^^^^^^^^^^^^^^^^^^^^^^^^^^^^^^^^^^^^^^^^^^
C:\Users\Shubh\AppData\Local\Programs\Python\Python314\Lib\importlib\__init__.py:88: in import_module
    return _bootstrap._gcd_import(name[level:], package, level)
           ^^^^^^^^^^^^^^^^^^^^^^^^^^^^^^^^^^^^^^^^^^^^^^^^^^^^
<frozen importlib._bootstrap>:1398: in _gcd_import
    ???
<frozen importlib._bootstrap>:1371: in _find_and_load
    ???
<frozen importlib._bootstrap>:1314: in _find_and_load_unlocked
    ???
<frozen importlib._bootstrap>:491: in _call_with_frames_removed
    ???
<frozen importlib._bootstrap>:1398: in _gcd_import
    ???
<frozen importlib._bootstrap>:1371: in _find_and_load
    ???
<frozen importlib._bootstrap>:1314: in _find_and_load_unlocked
    ???
<frozen importlib._bootstrap>:491: in _call_with_frames_removed
    ???
<frozen importlib._bootstrap>:1398: in _gcd_import
    ???
<frozen importlib._bootstrap>:1371: in _find_and_load
    ???
<frozen importlib._bootstrap>:1335: in _find_and_load_unlocked
    ???
E   ModuleNotFoundError: No module named 'app'
_________ TestTierThresholds.test_detect_candidate_tier[0.74-fresher] _________
tests\test_qa_regression.py:71: in test_detect_candidate_tier
    ss = _scoring()
         ^^^^^^^^^^
tests\test_qa_regression.py:17: in _scoring
    return importlib.import_module("app.services.scoring_service")
           ^^^^^^^^^^^^^^^^^^^^^^^^^^^^^^^^^^^^^^^^^^^^^^^^^^^^^^^
C:\Users\Shubh\AppData\Local\Programs\Python\Python314\Lib\importlib\__init__.py:88: in import_module
    return _bootstrap._gcd_import(name[level:], package, level)
           ^^^^^^^^^^^^^^^^^^^^^^^^^^^^^^^^^^^^^^^^^^^^^^^^^^^^
<frozen importlib._bootstrap>:1398: in _gcd_import
    ???
<frozen importlib._bootstrap>:1371: in _find_and_load
    ???
<frozen importlib._bootstrap>:1314: in _find_and_load_unlocked
    ???
<frozen importlib._bootstrap>:491: in _call_with_frames_removed
    ???
<frozen importlib._bootstrap>:1398: in _gcd_import
    ???
<frozen importlib._bootstrap>:1371: in _find_and_load
    ???
<frozen importlib._bootstrap>:1314: in _find_and_load_unlocked
    ???
<frozen importlib._bootstrap>:491: in _call_with_frames_removed
    ???
<frozen importlib._bootstrap>:1398: in _gcd_import
    ???
<frozen importlib._bootstrap>:1371: in _find_and_load
    ???
<frozen importlib._bootstrap>:1335: in _find_and_load_unlocked
    ???
E   ModuleNotFoundError: No module named 'app'
___________ TestTierThresholds.test_detect_candidate_tier[0.75-mid] ___________
tests\test_qa_regression.py:71: in test_detect_candidate_tier
    ss = _scoring()
         ^^^^^^^^^^
tests\test_qa_regression.py:17: in _scoring
    return importlib.import_module("app.services.scoring_service")
           ^^^^^^^^^^^^^^^^^^^^^^^^^^^^^^^^^^^^^^^^^^^^^^^^^^^^^^^
C:\Users\Shubh\AppData\Local\Programs\Python\Python314\Lib\importlib\__init__.py:88: in import_module
    return _bootstrap._gcd_import(name[level:], package, level)
           ^^^^^^^^^^^^^^^^^^^^^^^^^^^^^^^^^^^^^^^^^^^^^^^^^^^^
<frozen importlib._bootstrap>:1398: in _gcd_import
    ???
<frozen importlib._bootstrap>:1371: in _find_and_load
    ???
<frozen importlib._bootstrap>:1314: in _find_and_load_unlocked
    ???
<frozen importlib._bootstrap>:491: in _call_with_frames_removed
    ???
<frozen importlib._bootstrap>:1398: in _gcd_import
    ???
<frozen importlib._bootstrap>:1371: in _find_and_load
    ???
<frozen importlib._bootstrap>:1314: in _find_and_load_unlocked
    ???
<frozen importlib._bootstrap>:491: in _call_with_frames_removed
    ???
<frozen importlib._bootstrap>:1398: in _gcd_import
    ???
<frozen importlib._bootstrap>:1371: in _find_and_load
    ???
<frozen importlib._bootstrap>:1335: in _find_and_load_unlocked
    ???
E   ModuleNotFoundError: No module named 'app'
___________ TestTierThresholds.test_detect_candidate_tier[1.0-mid] ____________
tests\test_qa_regression.py:71: in test_detect_candidate_tier
    ss = _scoring()
         ^^^^^^^^^^
tests\test_qa_regression.py:17: in _scoring
    return importlib.import_module("app.services.scoring_service")
           ^^^^^^^^^^^^^^^^^^^^^^^^^^^^^^^^^^^^^^^^^^^^^^^^^^^^^^^
C:\Users\Shubh\AppData\Local\Programs\Python\Python314\Lib\importlib\__init__.py:88: in import_module
    return _bootstrap._gcd_import(name[level:], package, level)
           ^^^^^^^^^^^^^^^^^^^^^^^^^^^^^^^^^^^^^^^^^^^^^^^^^^^^
<frozen importlib._bootstrap>:1398: in _gcd_import
    ???
<frozen importlib._bootstrap>:1371: in _find_and_load
    ???
<frozen importlib._bootstrap>:1314: in _find_and_load_unlocked
    ???
<frozen importlib._bootstrap>:491: in _call_with_frames_removed
    ???
<frozen importlib._bootstrap>:1398: in _gcd_import
    ???
<frozen importlib._bootstrap>:1371: in _find_and_load
    ???
<frozen importlib._bootstrap>:1314: in _find_and_load_unlocked
    ???
<frozen importlib._bootstrap>:491: in _call_with_frames_removed
    ???
<frozen importlib._bootstrap>:1398: in _gcd_import
    ???
<frozen importlib._bootstrap>:1371: in _find_and_load
    ???
<frozen importlib._bootstrap>:1335: in _find_and_load_unlocked
    ???
E   ModuleNotFoundError: No module named 'app'
___________ TestTierThresholds.test_detect_candidate_tier[2.74-mid] ___________
tests\test_qa_regression.py:71: in test_detect_candidate_tier
    ss = _scoring()
         ^^^^^^^^^^
tests\test_qa_regression.py:17: in _scoring
    return importlib.import_module("app.services.scoring_service")
           ^^^^^^^^^^^^^^^^^^^^^^^^^^^^^^^^^^^^^^^^^^^^^^^^^^^^^^^
C:\Users\Shubh\AppData\Local\Programs\Python\Python314\Lib\importlib\__init__.py:88: in import_module
    return _bootstrap._gcd_import(name[level:], package, level)
           ^^^^^^^^^^^^^^^^^^^^^^^^^^^^^^^^^^^^^^^^^^^^^^^^^^^^
<frozen importlib._bootstrap>:1398: in _gcd_import
    ???
<frozen importlib._bootstrap>:1371: in _find_and_load
    ???
<frozen importlib._bootstrap>:1314: in _find_and_load_unlocked
    ???
<frozen importlib._bootstrap>:491: in _call_with_frames_removed
    ???
<frozen importlib._bootstrap>:1398: in _gcd_import
    ???
<frozen importlib._bootstrap>:1371: in _find_and_load
    ???
<frozen importlib._bootstrap>:1314: in _find_and_load_unlocked
    ???
<frozen importlib._bootstrap>:491: in _call_with_frames_removed
    ???
<frozen importlib._bootstrap>:1398: in _gcd_import
    ???
<frozen importlib._bootstrap>:1371: in _find_and_load
    ???
<frozen importlib._bootstrap>:1335: in _find_and_load_unlocked
    ???
E   ModuleNotFoundError: No module named 'app'
_________ TestTierThresholds.test_detect_candidate_tier[2.75-senior] __________
tests\test_qa_regression.py:71: in test_detect_candidate_tier
    ss = _scoring()
         ^^^^^^^^^^
tests\test_qa_regression.py:17: in _scoring
    return importlib.import_module("app.services.scoring_service")
           ^^^^^^^^^^^^^^^^^^^^^^^^^^^^^^^^^^^^^^^^^^^^^^^^^^^^^^^
C:\Users\Shubh\AppData\Local\Programs\Python\Python314\Lib\importlib\__init__.py:88: in import_module
    return _bootstrap._gcd_import(name[level:], package, level)
           ^^^^^^^^^^^^^^^^^^^^^^^^^^^^^^^^^^^^^^^^^^^^^^^^^^^^
<frozen importlib._bootstrap>:1398: in _gcd_import
    ???
<frozen importlib._bootstrap>:1371: in _find_and_load
    ???
<frozen importlib._bootstrap>:1314: in _find_and_load_unlocked
    ???
<frozen importlib._bootstrap>:491: in _call_with_frames_removed
    ???
<frozen importlib._bootstrap>:1398: in _gcd_import
    ???
<frozen importlib._bootstrap>:1371: in _find_and_load
    ???
<frozen importlib._bootstrap>:1314: in _find_and_load_unlocked
    ???
<frozen importlib._bootstrap>:491: in _call_with_frames_removed
    ???
<frozen importlib._bootstrap>:1398: in _gcd_import
    ???
<frozen importlib._bootstrap>:1371: in _find_and_load
    ???
<frozen importlib._bootstrap>:1335: in _find_and_load_unlocked
    ???
E   ModuleNotFoundError: No module named 'app'
__________ TestTierThresholds.test_detect_candidate_tier[5.0-senior] __________
tests\test_qa_regression.py:71: in test_detect_candidate_tier
    ss = _scoring()
         ^^^^^^^^^^
tests\test_qa_regression.py:17: in _scoring
    return importlib.import_module("app.services.scoring_service")
           ^^^^^^^^^^^^^^^^^^^^^^^^^^^^^^^^^^^^^^^^^^^^^^^^^^^^^^^
C:\Users\Shubh\AppData\Local\Programs\Python\Python314\Lib\importlib\__init__.py:88: in import_module
    return _bootstrap._gcd_import(name[level:], package, level)
           ^^^^^^^^^^^^^^^^^^^^^^^^^^^^^^^^^^^^^^^^^^^^^^^^^^^^
<frozen importlib._bootstrap>:1398: in _gcd_import
    ???
<frozen importlib._bootstrap>:1371: in _find_and_load
    ???
<frozen importlib._bootstrap>:1314: in _find_and_load_unlocked
    ???
<frozen importlib._bootstrap>:491: in _call_with_frames_removed
    ???
<frozen importlib._bootstrap>:1398: in _gcd_import
    ???
<frozen importlib._bootstrap>:1371: in _find_and_load
    ???
<frozen importlib._bootstrap>:1314: in _find_and_load_unlocked
    ???
<frozen importlib._bootstrap>:491: in _call_with_frames_removed
    ???
<frozen importlib._bootstrap>:1398: in _gcd_import
    ???
<frozen importlib._bootstrap>:1371: in _find_and_load
    ???
<frozen importlib._bootstrap>:1335: in _find_and_load_unlocked
    ???
E   ModuleNotFoundError: No module named 'app'
_________ TestTierThresholds.test_detect_candidate_tier[10.0-senior] __________
tests\test_qa_regression.py:71: in test_detect_candidate_tier
    ss = _scoring()
         ^^^^^^^^^^
tests\test_qa_regression.py:17: in _scoring
    return importlib.import_module("app.services.scoring_service")
           ^^^^^^^^^^^^^^^^^^^^^^^^^^^^^^^^^^^^^^^^^^^^^^^^^^^^^^^
C:\Users\Shubh\AppData\Local\Programs\Python\Python314\Lib\importlib\__init__.py:88: in import_module
    return _bootstrap._gcd_import(name[level:], package, level)
           ^^^^^^^^^^^^^^^^^^^^^^^^^^^^^^^^^^^^^^^^^^^^^^^^^^^^
<frozen importlib._bootstrap>:1398: in _gcd_import
    ???
<frozen importlib._bootstrap>:1371: in _find_and_load
    ???
<frozen importlib._bootstrap>:1314: in _find_and_load_unlocked
    ???
<frozen importlib._bootstrap>:491: in _call_with_frames_removed
    ???
<frozen importlib._bootstrap>:1398: in _gcd_import
    ???
<frozen importlib._bootstrap>:1371: in _find_and_load
    ???
<frozen importlib._bootstrap>:1314: in _find_and_load_unlocked
    ???
<frozen importlib._bootstrap>:491: in _call_with_frames_removed
    ???
<frozen importlib._bootstrap>:1398: in _gcd_import
    ???
<frozen importlib._bootstrap>:1371: in _find_and_load
    ???
<frozen importlib._bootstrap>:1335: in _find_and_load_unlocked
    ???
E   ModuleNotFoundError: No module named 'app'
_____________ TestTierThresholds.test_schema_tier_matches_scoring _____________
tests\test_qa_regression.py:76: in test_schema_tier_matches_scoring
    from app.schemas import CandidateOut
E   ModuleNotFoundError: No module named 'app'
_____________ TestExperienceMaxDefault.test_default_is_10_not_99 ______________
tests\test_qa_regression.py:101: in test_default_is_10_not_99
    from app.models import JobDescription
E   ModuleNotFoundError: No module named 'app'
___________________ TestQuizTokenExpiry.test_column_exists ____________________
tests\test_qa_regression.py:112: in test_column_exists
    from app.models import QuizAttempt
E   ModuleNotFoundError: No module named 'app'
_________________ TestQuizTokenExpiry.test_column_is_nullable _________________
tests\test_qa_regression.py:118: in test_column_is_nullable
    from app.models import QuizAttempt
E   ModuleNotFoundError: No module named 'app'
______________________ TestJDLogger.test_logger_defined _______________________
tests\test_qa_regression.py:127: in test_logger_defined
    mod = importlib.import_module("app.routers.jd")
          ^^^^^^^^^^^^^^^^^^^^^^^^^^^^^^^^^^^^^^^^^
C:\Users\Shubh\AppData\Local\Programs\Python\Python314\Lib\importlib\__init__.py:88: in import_module
    return _bootstrap._gcd_import(name[level:], package, level)
           ^^^^^^^^^^^^^^^^^^^^^^^^^^^^^^^^^^^^^^^^^^^^^^^^^^^^
<frozen importlib._bootstrap>:1398: in _gcd_import
    ???
<frozen importlib._bootstrap>:1371: in _find_and_load
    ???
<frozen importlib._bootstrap>:1314: in _find_and_load_unlocked
    ???
<frozen importlib._bootstrap>:491: in _call_with_frames_removed
    ???
<frozen importlib._bootstrap>:1398: in _gcd_import
    ???
<frozen importlib._bootstrap>:1371: in _find_and_load
    ???
<frozen importlib._bootstrap>:1314: in _find_and_load_unlocked
    ???
<frozen importlib._bootstrap>:491: in _call_with_frames_removed
    ???
<frozen importlib._bootstrap>:1398: in _gcd_import
    ???
<frozen importlib._bootstrap>:1371: in _find_and_load
    ???
<frozen importlib._bootstrap>:1335: in _find_and_load_unlocked
    ???
E   ModuleNotFoundError: No module named 'app'
_____ TestEducationRequiredMapping.test_required_maps_to_strict_behavior ______
tests\test_qa_regression.py:137: in test_required_maps_to_strict_behavior
    ss = _scoring()
         ^^^^^^^^^^
tests\test_qa_regression.py:17: in _scoring
    return importlib.import_module("app.services.scoring_service")
           ^^^^^^^^^^^^^^^^^^^^^^^^^^^^^^^^^^^^^^^^^^^^^^^^^^^^^^^
C:\Users\Shubh\AppData\Local\Programs\Python\Python314\Lib\importlib\__init__.py:88: in import_module
    return _bootstrap._gcd_import(name[level:], package, level)
           ^^^^^^^^^^^^^^^^^^^^^^^^^^^^^^^^^^^^^^^^^^^^^^^^^^^^
<frozen importlib._bootstrap>:1398: in _gcd_import
    ???
<frozen importlib._bootstrap>:1371: in _find_and_load
    ???
<frozen importlib._bootstrap>:1314: in _find_and_load_unlocked
    ???
<frozen importlib._bootstrap>:491: in _call_with_frames_removed
    ???
<frozen importlib._bootstrap>:1398: in _gcd_import
    ???
<frozen importlib._bootstrap>:1371: in _find_and_load
    ???
<frozen importlib._bootstrap>:1314: in _find_and_load_unlocked
    ???
<frozen importlib._bootstrap>:491: in _call_with_frames_removed
    ???
<frozen importlib._bootstrap>:1398: in _gcd_import
    ???
<frozen importlib._bootstrap>:1371: in _find_and_load
    ???
<frozen importlib._bootstrap>:1335: in _find_and_load_unlocked
    ???
E   ModuleNotFoundError: No module named 'app'
__________ TestEducationRequiredMapping.test_preferred_still_applied __________
tests\test_qa_regression.py:151: in test_preferred_still_applied
    ss = _scoring()
         ^^^^^^^^^^
tests\test_qa_regression.py:17: in _scoring
    return importlib.import_module("app.services.scoring_service")
           ^^^^^^^^^^^^^^^^^^^^^^^^^^^^^^^^^^^^^^^^^^^^^^^^^^^^^^^
C:\Users\Shubh\AppData\Local\Programs\Python\Python314\Lib\importlib\__init__.py:88: in import_module
    return _bootstrap._gcd_import(name[level:], package, level)
           ^^^^^^^^^^^^^^^^^^^^^^^^^^^^^^^^^^^^^^^^^^^^^^^^^^^^
<frozen importlib._bootstrap>:1398: in _gcd_import
    ???
<frozen importlib._bootstrap>:1371: in _find_and_load
    ???
<frozen importlib._bootstrap>:1314: in _find_and_load_unlocked
    ???
<frozen importlib._bootstrap>:491: in _call_with_frames_removed
    ???
<frozen importlib._bootstrap>:1398: in _gcd_import
    ???
<frozen importlib._bootstrap>:1371: in _find_and_load
    ???
<frozen importlib._bootstrap>:1314: in _find_and_load_unlocked
    ???
<frozen importlib._bootstrap>:491: in _call_with_frames_removed
    ???
<frozen importlib._bootstrap>:1398: in _gcd_import
    ???
<frozen importlib._bootstrap>:1371: in _find_and_load
    ???
<frozen importlib._bootstrap>:1335: in _find_and_load_unlocked
    ???
E   ModuleNotFoundError: No module named 'app'
____________ TestSubstringExclusions.test_c_does_not_match_csharp _____________
tests\test_qa_regression.py:167: in test_c_does_not_match_csharp
    ss = _scoring()
         ^^^^^^^^^^
tests\test_qa_regression.py:17: in _scoring
    return importlib.import_module("app.services.scoring_service")
           ^^^^^^^^^^^^^^^^^^^^^^^^^^^^^^^^^^^^^^^^^^^^^^^^^^^^^^^
C:\Users\Shubh\AppData\Local\Programs\Python\Python314\Lib\importlib\__init__.py:88: in import_module
    return _bootstrap._gcd_import(name[level:], package, level)
           ^^^^^^^^^^^^^^^^^^^^^^^^^^^^^^^^^^^^^^^^^^^^^^^^^^^^
<frozen importlib._bootstrap>:1398: in _gcd_import
    ???
<frozen importlib._bootstrap>:1371: in _find_and_load
    ???
<frozen importlib._bootstrap>:1314: in _find_and_load_unlocked
    ???
<frozen importlib._bootstrap>:491: in _call_with_frames_removed
    ???
<frozen importlib._bootstrap>:1398: in _gcd_import
    ???
<frozen importlib._bootstrap>:1371: in _find_and_load
    ???
<frozen importlib._bootstrap>:1314: in _find_and_load_unlocked
    ???
<frozen importlib._bootstrap>:491: in _call_with_frames_removed
    ???
<frozen importlib._bootstrap>:1398: in _gcd_import
    ???
<frozen importlib._bootstrap>:1371: in _find_and_load
    ???
<frozen importlib._bootstrap>:1335: in _find_and_load_unlocked
    ???
E   ModuleNotFoundError: No module named 'app'
____________ TestSubstringExclusions.test_csharp_does_not_match_c _____________
tests\test_qa_regression.py:176: in test_csharp_does_not_match_c
    ss = _scoring()
         ^^^^^^^^^^
tests\test_qa_regression.py:17: in _scoring
    return importlib.import_module("app.services.scoring_service")
           ^^^^^^^^^^^^^^^^^^^^^^^^^^^^^^^^^^^^^^^^^^^^^^^^^^^^^^^
C:\Users\Shubh\AppData\Local\Programs\Python\Python314\Lib\importlib\__init__.py:88: in import_module
    return _bootstrap._gcd_import(name[level:], package, level)
           ^^^^^^^^^^^^^^^^^^^^^^^^^^^^^^^^^^^^^^^^^^^^^^^^^^^^
<frozen importlib._bootstrap>:1398: in _gcd_import
    ???
<frozen importlib._bootstrap>:1371: in _find_and_load
    ???
<frozen importlib._bootstrap>:1314: in _find_and_load_unlocked
    ???
<frozen importlib._bootstrap>:491: in _call_with_frames_removed
    ???
<frozen importlib._bootstrap>:1398: in _gcd_import
    ???
<frozen importlib._bootstrap>:1371: in _find_and_load
    ???
<frozen importlib._bootstrap>:1314: in _find_and_load_unlocked
    ???
<frozen importlib._bootstrap>:491: in _call_with_frames_removed
    ???
<frozen importlib._bootstrap>:1398: in _gcd_import
    ???
<frozen importlib._bootstrap>:1371: in _find_and_load
    ???
<frozen importlib._bootstrap>:1335: in _find_and_load_unlocked
    ???
E   ModuleNotFoundError: No module named 'app'
______________ TestSubstringExclusions.test_c_does_not_match_cpp ______________
tests\test_qa_regression.py:185: in test_c_does_not_match_cpp
    ss = _scoring()
         ^^^^^^^^^^
tests\test_qa_regression.py:17: in _scoring
    return importlib.import_module("app.services.scoring_service")
           ^^^^^^^^^^^^^^^^^^^^^^^^^^^^^^^^^^^^^^^^^^^^^^^^^^^^^^^
C:\Users\Shubh\AppData\Local\Programs\Python\Python314\Lib\importlib\__init__.py:88: in import_module
    return _bootstrap._gcd_import(name[level:], package, level)
           ^^^^^^^^^^^^^^^^^^^^^^^^^^^^^^^^^^^^^^^^^^^^^^^^^^^^
<frozen importlib._bootstrap>:1398: in _gcd_import
    ???
<frozen importlib._bootstrap>:1371: in _find_and_load
    ???
<frozen importlib._bootstrap>:1314: in _find_and_load_unlocked
    ???
<frozen importlib._bootstrap>:491: in _call_with_frames_removed
    ???
<frozen importlib._bootstrap>:1398: in _gcd_import
    ???
<frozen importlib._bootstrap>:1371: in _find_and_load
    ???
<frozen importlib._bootstrap>:1314: in _find_and_load_unlocked
    ???
<frozen importlib._bootstrap>:491: in _call_with_frames_removed
    ???
<frozen importlib._bootstrap>:1398: in _gcd_import
    ???
<frozen importlib._bootstrap>:1371: in _find_and_load
    ???
<frozen importlib._bootstrap>:1335: in _find_and_load_unlocked
    ???
E   ModuleNotFoundError: No module named 'app'
____________ TestSubstringExclusions.test_sql_does_not_match_nosql ____________
tests\test_qa_regression.py:194: in test_sql_does_not_match_nosql
    ss = _scoring()
         ^^^^^^^^^^
tests\test_qa_regression.py:17: in _scoring
    return importlib.import_module("app.services.scoring_service")
           ^^^^^^^^^^^^^^^^^^^^^^^^^^^^^^^^^^^^^^^^^^^^^^^^^^^^^^^
C:\Users\Shubh\AppData\Local\Programs\Python\Python314\Lib\importlib\__init__.py:88: in import_module
    return _bootstrap._gcd_import(name[level:], package, level)
           ^^^^^^^^^^^^^^^^^^^^^^^^^^^^^^^^^^^^^^^^^^^^^^^^^^^^
<frozen importlib._bootstrap>:1398: in _gcd_import
    ???
<frozen importlib._bootstrap>:1371: in _find_and_load
    ???
<frozen importlib._bootstrap>:1314: in _find_and_load_unlocked
    ???
<frozen importlib._bootstrap>:491: in _call_with_frames_removed
    ???
<frozen importlib._bootstrap>:1398: in _gcd_import
    ???
<frozen importlib._bootstrap>:1371: in _find_and_load
    ???
<frozen importlib._bootstrap>:1314: in _find_and_load_unlocked
    ???
<frozen importlib._bootstrap>:491: in _call_with_frames_removed
    ???
<frozen importlib._bootstrap>:1398: in _gcd_import
    ???
<frozen importlib._bootstrap>:1371: in _find_and_load
    ???
<frozen importlib._bootstrap>:1335: in _find_and_load_unlocked
    ???
E   ModuleNotFoundError: No module named 'app'
______________ TestSubstringExclusions.test_exact_c_match_works _______________
tests\test_qa_regression.py:203: in test_exact_c_match_works
    ss = _scoring()
         ^^^^^^^^^^
tests\test_qa_regression.py:17: in _scoring
    return importlib.import_module("app.services.scoring_service")
           ^^^^^^^^^^^^^^^^^^^^^^^^^^^^^^^^^^^^^^^^^^^^^^^^^^^^^^^
C:\Users\Shubh\AppData\Local\Programs\Python\Python314\Lib\importlib\__init__.py:88: in import_module
    return _bootstrap._gcd_import(name[level:], package, level)
           ^^^^^^^^^^^^^^^^^^^^^^^^^^^^^^^^^^^^^^^^^^^^^^^^^^^^
<frozen importlib._bootstrap>:1398: in _gcd_import
    ???
<frozen importlib._bootstrap>:1371: in _find_and_load
    ???
<frozen importlib._bootstrap>:1314: in _find_and_load_unlocked
    ???
<frozen importlib._bootstrap>:491: in _call_with_frames_removed
    ???
<frozen importlib._bootstrap>:1398: in _gcd_import
    ???
<frozen importlib._bootstrap>:1371: in _find_and_load
    ???
<frozen importlib._bootstrap>:1314: in _find_and_load_unlocked
    ???
<frozen importlib._bootstrap>:491: in _call_with_frames_removed
    ???
<frozen importlib._bootstrap>:1398: in _gcd_import
    ???
<frozen importlib._bootstrap>:1371: in _find_and_load
    ???
<frozen importlib._bootstrap>:1335: in _find_and_load_unlocked
    ???
E   ModuleNotFoundError: No module named 'app'
__________________ TestQuizPctCap.test_overflow_score_capped __________________
tests\test_qa_regression.py:216: in test_overflow_score_capped
    ss = _scoring()
         ^^^^^^^^^^
tests\test_qa_regression.py:17: in _scoring
    return importlib.import_module("app.services.scoring_service")
           ^^^^^^^^^^^^^^^^^^^^^^^^^^^^^^^^^^^^^^^^^^^^^^^^^^^^^^^
C:\Users\Shubh\AppData\Local\Programs\Python\Python314\Lib\importlib\__init__.py:88: in import_module
    return _bootstrap._gcd_import(name[level:], package, level)
           ^^^^^^^^^^^^^^^^^^^^^^^^^^^^^^^^^^^^^^^^^^^^^^^^^^^^
<frozen importlib._bootstrap>:1398: in _gcd_import
    ???
<frozen importlib._bootstrap>:1371: in _find_and_load
    ???
<frozen importlib._bootstrap>:1314: in _find_and_load_unlocked
    ???
<frozen importlib._bootstrap>:491: in _call_with_frames_removed
    ???
<frozen importlib._bootstrap>:1398: in _gcd_import
    ???
<frozen importlib._bootstrap>:1371: in _find_and_load
    ???
<frozen importlib._bootstrap>:1314: in _find_and_load_unlocked
    ???
<frozen importlib._bootstrap>:491: in _call_with_frames_removed
    ???
<frozen importlib._bootstrap>:1398: in _gcd_import
    ???
<frozen importlib._bootstrap>:1371: in _find_and_load
    ???
<frozen importlib._bootstrap>:1335: in _find_and_load_unlocked
    ???
E   ModuleNotFoundError: No module named 'app'
_________________ TestQuizPctCap.test_normal_score_unaffected _________________
tests\test_qa_regression.py:229: in test_normal_score_unaffected
    ss = _scoring()
         ^^^^^^^^^^
tests\test_qa_regression.py:17: in _scoring
    return importlib.import_module("app.services.scoring_service")
           ^^^^^^^^^^^^^^^^^^^^^^^^^^^^^^^^^^^^^^^^^^^^^^^^^^^^^^^
C:\Users\Shubh\AppData\Local\Programs\Python\Python314\Lib\importlib\__init__.py:88: in import_module
    return _bootstrap._gcd_import(name[level:], package, level)
           ^^^^^^^^^^^^^^^^^^^^^^^^^^^^^^^^^^^^^^^^^^^^^^^^^^^^
<frozen importlib._bootstrap>:1398: in _gcd_import
    ???
<frozen importlib._bootstrap>:1371: in _find_and_load
    ???
<frozen importlib._bootstrap>:1314: in _find_and_load_unlocked
    ???
<frozen importlib._bootstrap>:491: in _call_with_frames_removed
    ???
<frozen importlib._bootstrap>:1398: in _gcd_import
    ???
<frozen importlib._bootstrap>:1371: in _find_and_load
    ???
<frozen importlib._bootstrap>:1314: in _find_and_load_unlocked
    ???
<frozen importlib._bootstrap>:491: in _call_with_frames_removed
    ???
<frozen importlib._bootstrap>:1398: in _gcd_import
    ???
<frozen importlib._bootstrap>:1371: in _find_and_load
    ???
<frozen importlib._bootstrap>:1335: in _find_and_load_unlocked
    ???
E   ModuleNotFoundError: No module named 'app'
___________ TestImportFromPoolConcurrency.test_asyncio_gather_used ____________
tests\test_qa_regression.py:288: in test_asyncio_gather_used
    assert "asyncio.gather" in func_body, (
E   AssertionError: import_from_pool must use asyncio.gather for concurrent AI scoring
E   assert 'asyncio.gather' in 'async def import_from_pool(\n    body: ImportFromPoolRequest,\n    db: AsyncSession = Depends(get_db),\n    user: Use...bd.get("missing_must_have", []),\n                "matched_good_to_have": bd.get("matched_good_to_have", []),\n       '
____________ TestBulkDeleteFileCleanup.test_unlink_in_bulk_delete _____________
tests\test_qa_regression.py:303: in test_unlink_in_bulk_delete
    assert "os.unlink" in func_body, (
E   AssertionError: bulk_delete_candidates must call os.unlink to remove resume files
E   assert 'os.unlink' in 'async def bulk_delete_candidates(\n    body: BulkDeleteRequest,\n    db: AsyncSession = Depends(get_db),\n    user: U...l resume files from disk before DB deletion\n        paths_to_delete = (await db.execute(\n            select(Candidat'
=========================== short test summary info ===========================
FAILED tests/test_qa_regression.py::TestDegreeRank::test_b_dot_tech_ranked_correctly
FAILED tests/test_qa_regression.py::TestDegreeRank::test_m_dot_sc_ranked_correctly
FAILED tests/test_qa_regression.py::TestDegreeRank::test_ph_dot_d_ranked_correctly
FAILED tests/test_qa_regression.py::TestDegreeRank::test_plain_btech_still_works
FAILED tests/test_qa_regression.py::TestDegreeRank::test_empty_education - Mo...
FAILED tests/test_qa_regression.py::TestDegreeRank::test_no_degree_key - Modu...
FAILED tests/test_qa_regression.py::TestTierThresholds::test_detect_candidate_tier[0.0-fresher]
FAILED tests/test_qa_regression.py::TestTierThresholds::test_detect_candidate_tier[0.5-fresher]
FAILED tests/test_qa_regression.py::TestTierThresholds::test_detect_candidate_tier[0.74-fresher]
FAILED tests/test_qa_regression.py::TestTierThresholds::test_detect_candidate_tier[0.75-mid]
FAILED tests/test_qa_regression.py::TestTierThresholds::test_detect_candidate_tier[1.0-mid]
FAILED tests/test_qa_regression.py::TestTierThresholds::test_detect_candidate_tier[2.74-mid]
FAILED tests/test_qa_regression.py::TestTierThresholds::test_detect_candidate_tier[2.75-senior]
FAILED tests/test_qa_regression.py::TestTierThresholds::test_detect_candidate_tier[5.0-senior]
FAILED tests/test_qa_regression.py::TestTierThresholds::test_detect_candidate_tier[10.0-senior]
FAILED tests/test_qa_regression.py::TestTierThresholds::test_schema_tier_matches_scoring
FAILED tests/test_qa_regression.py::TestExperienceMaxDefault::test_default_is_10_not_99
FAILED tests/test_qa_regression.py::TestQuizTokenExpiry::test_column_exists
FAILED tests/test_qa_regression.py::TestQuizTokenExpiry::test_column_is_nullable
FAILED tests/test_qa_regression.py::TestJDLogger::test_logger_defined - Modul...
FAILED tests/test_qa_regression.py::TestEducationRequiredMapping::test_required_maps_to_strict_behavior
FAILED tests/test_qa_regression.py::TestEducationRequiredMapping::test_preferred_still_applied
FAILED tests/test_qa_regression.py::TestSubstringExclusions::test_c_does_not_match_csharp
FAILED tests/test_qa_regression.py::TestSubstringExclusions::test_csharp_does_not_match_c
FAILED tests/test_qa_regression.py::TestSubstringExclusions::test_c_does_not_match_cpp
FAILED tests/test_qa_regression.py::TestSubstringExclusions::test_sql_does_not_match_nosql
FAILED tests/test_qa_regression.py::TestSubstringExclusions::test_exact_c_match_works
FAILED tests/test_qa_regression.py::TestQuizPctCap::test_overflow_score_capped
FAILED tests/test_qa_regression.py::TestQuizPctCap::test_normal_score_unaffected
FAILED tests/test_qa_regression.py::TestImportFromPoolConcurrency::test_asyncio_gather_used
FAILED tests/test_qa_regression.py::TestBulkDeleteFileCleanup::test_unlink_in_bulk_delete
======================== 31 failed, 3 passed in 0.83s =========================
